◇ injected env (3) from .env.local // tip: ⌘ enable debugging { debug: true }
🚀 Starting Automatic Scraper with Full Catalog

============================================================

📋 Found 17 total models across all cars to scrape


============================================================
🏪 Retailer: Anthony's Diecasts
🔗 Store URL: https://anthonysdiecasts.com.au
============================================================

📦 Fetching products from https://anthonysdiecasts.com.au...

   Page 1: 250 products
   Page 2: 250 products
   Page 3: 250 products
   Page 4: 250 products
   Page 5: 250 products
   Page 6: 250 products
   Page 7: 250 products
   Page 8: 250 products
   Page 9: 250 products
   Page 10: 250 products
   Page 11: 250 products
   Page 12: 250 products
   Page 13: 250 products
   Page 14: 250 products
   Page 15: 250 products
   Page 16: 250 products
   Page 17: 250 products
   Page 18: 250 products
   Page 19: 250 products
   Page 20: 250 products
   Page 21: 250 products
   Page 22: 250 products
   Page 23: 250 products
   Page 24: 250 products
   Page 25: 250 products
   Page 26: 250 products
   Page 27: 250 products
   Page 28: 250 products
   Page 29: 250 products
   Page 30: 250 products
   Page 31: 250 products
   Page 32: 250 products
   Page 33: 250 products
   Page 34: 250 products
   Page 35: 250 products
   Page 36: 250 products
   Page 37: 250 products
   Page 38: 250 products
   Page 39: 250 products
   Page 40: 250 products
   Page 41: 250 products
   Page 42: 250 products
   Page 43: 250 products
   Page 44: 250 products
   Page 45: 250 products
   Page 46: 250 products
   Page 47: 250 products
   Page 48: 250 products
   Page 49: 250 products
   Page 50: 250 products
✅ Total products fetched: 12500


🔍 Searching for SKU: 537244404 (Scale: 1:43)
   ✅ Found: 1:43 2024 Lando Norris -- Miami GP Winner -- #4 McLaren MCL38 -- Minichamps F1
   🔗 URL: https://anthonysdiecasts.com.au/products/1-43-2024-lando-norris-miami-gp-winner-4-mclaren-mcl38-minichamps-f1
   ℹ️  Model already has image: https://lkpuepevvzeulhiiyynf.supabase.co/storage/v1/object/public/model-images/models/537244404.jpg
📊 Exchange rates loaded: {
  AUD: 1,
  AED: 0.39510246784952446,
  AFN: 0.022583473996383076,
  ALL: 0.017587909648797587,
  AMD: 0.003944642901181977,
  ANG: 0.8106223958755533,
  AOA: 0.0015333402598401778,
  ARS: 0.0009752950516963091,
  AWG: 0.8106223958755533,
  AZN: 0.8537274594607516,
  BAM: 0.8445667752498017,
  BBD: 0.7255067120253463,
  BDT: 0.011780384187779323,
  BGN: 0.8445667752498017,
  BHD: 3.8590817700836264,
  BIF: 0.0004857344965993203,
  BMD: 1.4510144767714346,
  BND: 1.1190526547845656,
  BOB: 0.20967358435734418,
  BRL: 0.2794345139627838,
  BSD: 1.4510144767714346,
  BTN: 0.015229052719721498,
  BWP: 0.1028525221341199,
  BYN: 0.4987570973134948,
  BZD: 0.7255067120253463,
  CAD: 1.0203269535690016,
  CDF: 0.0006272105636469001,
  CHF: 1.7916619635540123,
  CLF: 62.192922445425715,
  CLP: 0.0015734897292330379,
  CNH: 0.21350185746615996,
  CNY: 0.21338727763712,
  COP: 0.0004263084069945199,
  CRC: 0.0031881135801552375,
  CUP: 0.060458907289893206,
  CVE: 0.014980537734791093,
  CZK: 0.06812278669066042,
  DJF: 0.008164559838740799,
  DKK: 0.22141352163520087,
  DOP: 0.024405263258598563,
  DZD: 0.010894376330564226,
  EGP: 0.029549007679314312,
  ERN: 0.09673425166382912,
  ETB: 0.009148785639597642,
  EUR: 1.651827747402501,
  FJD: 0.6474209984526639,
  FKP: 1.924150006734525,
  FOK: 0.22139758999867384,
  GBP: 1.9247055200554315,
  GEL: 0.5494574931441442,
  GGP: 1.924150006734525,
  GHS: 0.1276934213753935,
  GIP: 1.924150006734525,
  GMD: 0.019517590355171935,
  GNF: 0.0001651241101717026,
  GTQ: 0.19039176532767946,
  GYD: 0.006941758996052825,
  HKD: 0.18496617153688763,
  HNL: 0.05427077633205857,
  HRK: 0.2192353596819158,
  HTG: 0.011105871237662613,
  HUF: 0.00464392198753471,
  IDR: 0.00008074423222977888,
  ILS: 0.48633898118792185,
  IMP: 1.924150006734525,
  INR: 0.015229004479672584,
  IQD: 0.001108229190653595,
  IRR: 0.000001053266772725149,
  ISK: 0.011496071102739928,
  JEP: 1.924150006734525,
  JMD: 0.009225328160605731,
  JOD: 2.046563410720718,
  JPY: 0.008925295685674507,
  KES: 0.011216166965117654,
  KGS: 0.016587695963722577,
  KHR: 0.00035840603630542977,
  KID: 1,
  KMF: 0.003357596061142281,
  KRW: 0.0009337355691868084,
  KWD: 4.690409519655161,
  KYD: 1.7412168668195454,
  KZT: 0.003027285193908363,
  LAK: 0.0000652547824663495,
  LBP: 0.000016212444070272145,
  LKR: 0.004318490953430819,
  LRD: 0.008003251817252371,
  LSL: 0.0884045654592931,
  LYD: 0.22649846286818173,
  MAD: 0.15419334982585403,
  MDL: 0.08232269872246696,
  MGA: 0.0003395425607040022,
  MKD: 0.026817200552434334,
  MMK: 0.0006921976219171374,
  MNT: 0.0004023794883260582,
  MOP: 0.17957893050690463,
  MRU: 0.03638292857689121,
  MUR: 0.030805155267378117,
  MVR: 0.09392018925293816,
  MWK: 0.0008323653506960483,
  MXN: 0.08271121404429797,
  MYR: 0.35451828233056065,
  MZN: 0.022726259859191276,
  NAD: 0.0884045654592931,
  NGN: 0.0010549198700431132,
  NIO: 0.03945741010556356,
  NOK: 0.14617619874349863,
  NPR: 0.009518157913587804,
  NZD: 0.8234295346058613,
  OMR: 3.7737985168971826,
  PAB: 1.4510144767714346,
  PEN: 0.4248729098908289,
  PGK: 0.33074776778331527,
  PHP: 0.02353191722177479,
  PKR: 0.005217080747409004,
  PLN: 0.3845816597621439,
  PYG: 0.00023953991857204087,
  QAR: 0.39863014736160657,
  RON: 0.3154488553307387,
  RSD: 0.014074092610175304,
  RUB: 0.01866554320006515,
  RWF: 0.0009871093898081832,
  SAR: 0.3869370066553165,
  SBD: 0.18181352078064908,
  SCR: 0.09872460642695213,
  SDG: 0.0032492336674272287,
  SEK: 0.1491557115525424,
  SGD: 1.1190514025071228,
  SHP: 1.924150006734525,
  SLE: 0.059577486001673896,
  SLL: 0.00005957445790167671,
  SOS: 0.002541853337304352,
  SRD: 0.03862296611943202,
  SSP: 0.00030740491341995946,
  STN: 0.06742159071264892,
  SYP: 0.012928778745232546,
  SZL: 0.0884045654592931,
  THB: 0.04350561265908915,
  TJS: 0.15692029484695721,
  TMT: 0.41426839786668346,
  TND: 0.49137465499357036,
  TOP: 0.6077420256649457,
  TRY: 0.031075419265672307,
  TTD: 0.2139021876632341,
  TVD: 1,
  TWD: 0.04544619368358806,
  TZS: 0.0005505376031901602,
  UAH: 0.0324188210837359,
  UGX: 0.00039528923290640277,
  USD: 1.451012371331478,
  UYU: 0.036167691646992045,
  UZS: 0.00012169754620122844,
  VES: 0.0022682603052259984,
  VND: 0.00005529720156158103,
  VUV: 0.012112684057533553,
  WST: 0.5300029362162666,
  XAF: 0.0025181970458567106,
  XCD: 0.5374125092434952,
  XCG: 0.8106223958755533,
  XDR: 1.9681397536676282,
  XOF: 0.0025181970458567106,
  XPF: 0.013842296871145352,
  YER: 0.006085971874995549,
  ZAR: 0.08840454201319774,
  ZMW: 0.07942565087930946,
  ZWG: 0.05399867184866721,
  ZWL: 0.05400141872527275
}
   💰 Price refreshed: AUD $169.99 

🔍 Searching for SKU: 537241904 (Scale: 1:18)
   ✅ Found: 1:18 2024 Lando Norris -- Miami GP Winner -- #4 McLaren MCL38 -- Minichamps F1
   🔗 URL: https://anthonysdiecasts.com.au/products/1-18-2024-lando-norris-miami-gp-winner-4-mclaren-mcl38-minichamps-f1
   ℹ️  Model already has image: https://lkpuepevvzeulhiiyynf.supabase.co/storage/v1/object/public/model-images/models/537241904.jpg
   💰 Price refreshed: AUD $399.99 

🔍 Searching for SKU: 18S999 (Scale: 1:18)
   ✅ Found: 1:18 2024 Lewis Hamilton - British GP Winner -- #44 Mercedes-AMG W15 -- Spark F1
   🔗 URL: https://anthonysdiecasts.com.au/products/1-18-2024-lewis-hamilton-british-gp-winner-44-mercedes-amg-w15-e-spark-f1
   ℹ️  Model already has image: https://lkpuepevvzeulhiiyynf.supabase.co/storage/v1/object/public/model-images/models/18S999.jpg
   💰 Price refreshed: AUD $379.99 

🔍 Searching for SKU: 18S986 (Scale: 1:18)
   ✅ Found: 1:18 2024 Lando Norris -- Miami GP Winner -- #4 McLaren MCL38 -- Spark F1
   🔗 URL: https://anthonysdiecasts.com.au/products/1-18-2024-lando-norris-miami-gp-winner-4-mclaren-mcl38-spark-f1
   ℹ️  Model already has image: https://lkpuepevvzeulhiiyynf.supabase.co/storage/v1/object/public/model-images/models/18S986.jpg
   💰 Price refreshed: AUD $369.99 

🔍 Searching for SKU: 110241244 (Scale: 1:18)
   ✅ Found: 1:18 2024 Lewis Hamilton - British GP Winner-- #44 Mercedes W15 -- Minichamps F1
   🔗 URL: https://anthonysdiecasts.com.au/products/1-18-2024-lewis-hamilton-british-gp-winner-44-mercedes-w15-minichamps-f1
   ℹ️  Model already has image: https://lkpuepevvzeulhiiyynf.supabase.co/storage/v1/object/public/model-images/models/110241244.jpg
   💰 Price refreshed: AUD $349.99 

🔍 Searching for SKU: S1814201 (Scale: 1:18)
   ✅ Found: 1:18 2024 Lando Norris -- Miami GP Winner -- #4 McLaren MCL38 -- Solido F1
   🔗 URL: https://anthonysdiecasts.com.au/products/1-18-2024-lando-norris-miami-gp-winner-mclaren-mcl38-solido-f1
   ℹ️  Model already has image: https://lkpuepevvzeulhiiyynf.supabase.co/storage/v1/object/public/model-images/models/S1814201.jpg
   💰 Price refreshed: AUD $149.99 

🔍 Searching for SKU: S9523 (Scale: 1:43)
   ✅ Found: 1:43 2024 Lando Norris -- Miami GP Winner -- #4 McLaren MCL38 -- Spark F1
   🔗 URL: https://anthonysdiecasts.com.au/products/1-43-2024-lando-norris-miami-gp-winner-4-mclaren-mcl38-spark-f1
   ℹ️  Model already has image: https://lkpuepevvzeulhiiyynf.supabase.co/storage/v1/object/public/model-images/models/S9523.jpg
   💰 Price refreshed: AUD $169.99 

🔍 Searching for SKU: BU16815-L-MONACO (Scale: 1:43)
   ⚠️  Not found at Anthony's Diecasts

🔍 Searching for SKU: S9533 (Scale: 1:43)
   ✅ Found: 1:43 2024 Lewis Hamilton -- British GP Winner -- #44 Mercedes-AMG W15 -- Spark F
   🔗 URL: https://anthonysdiecasts.com.au/products/1-43-2024-lewis-hamilton-british-gp-winner-44-mercedes-amg-w15-spark-f1
   ℹ️  Model already has image: https://lkpuepevvzeulhiiyynf.supabase.co/storage/v1/object/public/model-images/models/S9533.jpg
   💰 Price refreshed: AUD $169.99 

🔍 Searching for SKU: 410241244 (Scale: 1:43)
   ✅ Found: 1:43 2024 Lewis Hamilton - British GP Winner - #44 Mercedes W15 -- Minichamps F1
   🔗 URL: https://anthonysdiecasts.com.au/products/1-43-2024-lewis-hamilton-british-gp-winner-44-mercedes-w15-e-minichamps-f1
   ℹ️  Model already has image: https://lkpuepevvzeulhiiyynf.supabase.co/storage/v1/object/public/model-images/models/410241244.jpg
   💰 Price refreshed: AUD $179.99 

🔍 Searching for SKU: BBR241816C (Scale: 1:18)
   ✅ Found: 1:18 2024 Charles LeClerc -- Monaco GP Winner -- #16 Ferrari SF-24 -- BBR F1
   🔗 URL: https://anthonysdiecasts.com.au/products/1-18-2024-charles-leclerc-monaco-gp-winner-16-ferrari-sf-24-bbr-f1
   ℹ️  Model already has image: https://lkpuepevvzeulhiiyynf.supabase.co/storage/v1/object/public/model-images/models/BBR241816C.jpg
   💰 Price refreshed: AUD $549.99 

🔍 Searching for SKU: LSF1063 (Scale: 1:43)
   ✅ Found: 1:43 2024 Charles LeClerc -- #16 Monaco GP Winner -- Ferrari SF-24 -- Looksmart
   🔗 URL: https://anthonysdiecasts.com.au/products/1-43-2024-charles-leclerc-16-monaco-gp-winner-ferrari-sf-24-looksmart-f1
   ℹ️  Model already has image: https://lkpuepevvzeulhiiyynf.supabase.co/storage/v1/object/public/model-images/models/LSF1063.jpg
   💰 Price refreshed: AUD $229.99 

🔍 Searching for SKU: LS18F1063 (Scale: 1:18)
   ✅ Found: 1:18 2024 Charles LeClerc -- Monaco GP Winner -- #16 Ferrari SF-24 -- Looksmart
   🔗 URL: https://anthonysdiecasts.com.au/products/1-18-2024-charles-leclerc-monaco-gp-winner-16-ferrari-sf-24-looksmart-f1
   ℹ️  Model already has image: https://lkpuepevvzeulhiiyynf.supabase.co/storage/v1/object/public/model-images/models/LS18F1063.jpg
   💰 Price refreshed: AUD $499.99 

🔍 Searching for SKU: 18S666 (Scale: 1:18)
   ✅ Found: 1:18 2024 Max Verstappen -- World Championship Winner -- Red Bull RB20 -- Spark
   🔗 URL: https://anthonysdiecasts.com.au/products/1-18-2024-max-verstappen-world-championship-winner-red-bull-rb20-spark-f1
   ℹ️  Model already has image: https://lkpuepevvzeulhiiyynf.supabase.co/storage/v1/object/public/model-images/models/18S666.jpg
   💰 Price refreshed: AUD $379.99 

🔍 Searching for SKU: 110242201 (Scale: 1:18)
   ✅ Found: 1:18 2024 Max Verstappen - World Champion Winner -- #1 Red Bull -- Minichamps F1
   ⚠️  Warning: Livery name "RB20" not found in title, but continuing...
   🔗 URL: https://anthonysdiecasts.com.au/products/1-18-2024-max-verstappen-world-champion-winner-1-red-bull-minichamps-f1
   ℹ️  Model already has image: https://lkpuepevvzeulhiiyynf.supabase.co/storage/v1/object/public/model-images/models/110242201.jpg
   💰 Price refreshed: AUD $349.99 

🔍 Searching for SKU: S9547 (Scale: 1:43)
   ✅ Found: 1:43 2024 Max Verstappen -- World Champion -- #1 Red Bull RB20 -- Spark F1
   🔗 URL: https://anthonysdiecasts.com.au/products/1-43-2024-max-verstappen-world-champion-1-red-bull-rb20-spark-f1
   ℹ️  Model already has image: https://lkpuepevvzeulhiiyynf.supabase.co/storage/v1/object/public/model-images/models/S9547.jpg
   💰 Price refreshed: AUD $199.99 

🔍 Searching for SKU: 410242201 (Scale: 1:43)
   ✅ Found: 1:43 2024 Max Verstappen -- World Championship Winner -- Minichamps F1
   ⚠️  Warning: Livery name "RB20" not found in title, but continuing...
   🔗 URL: https://anthonysdiecasts.com.au/products/1-43-2024-max-verstappen-world-championship-winner-minichamps-f1
   ℹ️  Model already has image: https://lkpuepevvzeulhiiyynf.supabase.co/storage/v1/object/public/model-images/models/410242201.jpg
   💰 Price refreshed: AUD $199.99 

============================================================
🏪 Retailer: Downies Collectables
🔗 Store URL: https://www.downies.com
============================================================

📦 Fetching products from https://www.downies.com...

   Page 1: 250 products
   Page 2: 250 products
   Page 3: 250 products
   Page 4: 250 products
   Page 5: 250 products
   Page 6: 250 products
   Page 7: 250 products
   Page 8: 250 products
   Page 9: 250 products
   Page 10: 250 products
   Page 11: 250 products
   Page 12: 250 products
   Page 13: 250 products
   Page 14: 250 products
   Page 15: 250 products
   Page 16: 250 products
   Page 17: 250 products
   Page 18: 250 products
   Page 19: 250 products
   Page 20: 250 products
   Page 21: 250 products
   Page 22: 128 products
✅ Total products fetched: 5378


🔍 Searching for SKU: 537244404 (Scale: 1:43)
   ⚠️  Not found at Downies Collectables

🔍 Searching for SKU: 537241904 (Scale: 1:18)
   ✅ Found: MCLAREN FORMULA 1 TEAM MCL38 - LANDO NORRIS – 2024 - 1:18 Scale Resin Model Car
   ❌ Validation failed: Event mismatch - expected Miami GP Winner, product title: MCLAREN FORMULA 1 TEAM MCL38 - LANDO NORRIS – 2024 - 1:18 Scale Resin Model Car
   ⚠️  Skipping this product - likely a mismatch

🔍 Searching for SKU: 18S999 (Scale: 1:18)
   ⚠️  Not found at Downies Collectables

🔍 Searching for SKU: 18S986 (Scale: 1:18)
   ⚠️  Not found at Downies Collectables

🔍 Searching for SKU: 110241244 (Scale: 1:18)
   ⚠️  Not found at Downies Collectables

🔍 Searching for SKU: S1814201 (Scale: 1:18)
   ⚠️  Not found at Downies Collectables

🔍 Searching for SKU: S9523 (Scale: 1:43)
   ⚠️  Not found at Downies Collectables

🔍 Searching for SKU: BU16815-L-MONACO (Scale: 1:43)
   ⚠️  Not found at Downies Collectables

🔍 Searching for SKU: S9533 (Scale: 1:43)
   ⚠️  Not found at Downies Collectables

🔍 Searching for SKU: 410241244 (Scale: 1:43)
   ⚠️  Not found at Downies Collectables

🔍 Searching for SKU: BBR241816C (Scale: 1:18)
   ⚠️  Not found at Downies Collectables

🔍 Searching for SKU: LSF1063 (Scale: 1:43)
   ✅ Found: Ferrari SF-24 No.16 Winner Monaco GP 2024 - Charles Leclerc - 1:43 Scale Resin Model Car
   🔗 URL: https://www.downies.com/products/ferrari-sf-24-no-16-winner-monaco-gp-2024-charles-leclerc-1-43-scale-resin-model-car
   ℹ️  Model already has image: https://lkpuepevvzeulhiiyynf.supabase.co/storage/v1/object/public/model-images/models/LSF1063.jpg
   💰 Price refreshed: AUD $199.00 

🔍 Searching for SKU: LS18F1063 (Scale: 1:18)
   ✅ Found: Ferrari SF-24 No.16 Winner Monaco GP 2024 - Charles Leclerc - 1:18 Scale Resin Model Car
   🔗 URL: https://www.downies.com/products/ferrari-sf-24-no-16-winner-monaco-gp-2024-charles-leclerc-1-18-scale-resin-model-car
   ℹ️  Model already has image: https://lkpuepevvzeulhiiyynf.supabase.co/storage/v1/object/public/model-images/models/LS18F1063.jpg
   💰 Price refreshed: AUD $429.00 

🔍 Searching for SKU: 18S666 (Scale: 1:18)
   ✅ Found: Oracle Red Bull Racing RB20 No.1 Oracle Red Bull Racing  - 2024 Formula One Drivers' Champion - Max Verstappen - 1:18 Scale Resin Model Car
   ❌ Validation failed: Event mismatch - expected Las Vegas GP World Champion, product title: Oracle Red Bull Racing RB20 No.1 Oracle Red Bull Racing  - 2024 Formula One Drivers' Champion - Max Verstappen - 1:18 Scale Resin Model Car
   ⚠️  Skipping this product - likely a mismatch

🔍 Searching for SKU: 110242201 (Scale: 1:18)
   ⚠️  Not found at Downies Collectables

🔍 Searching for SKU: S9547 (Scale: 1:43)
   ✅ Found: Oracle Red Bull Racing RB20 No.1 Oracle Red Bull Racing  - 2024 Formula One Drivers' Champion - Max Verstappen.  Pit board & Special base plate - 1:43 Scale Resin Model Car
   ❌ Validation failed: Event mismatch - expected Las Vegas GP World Champion, product title: Oracle Red Bull Racing RB20 No.1 Oracle Red Bull Racing  - 2024 Formula One Drivers' Champion - Max Verstappen.  Pit board & Special base plate - 1:43 Scale Resin Model Car
   ⚠️  Skipping this product - likely a mismatch

🔍 Searching for SKU: 410242201 (Scale: 1:43)
   ⚠️  Not found at Downies Collectables

============================================================
🏪 Retailer: Metro Hobbies
🔗 Store URL: https://www.metrohobbies.com.au
============================================================

📦 Fetching products from https://www.metrohobbies.com.au...

   Page 1: 250 products
   Page 2: 250 products
   Page 3: 250 products
   Page 4: 250 products
   Page 5: 250 products
   Page 6: 250 products
   Page 7: 250 products
   Page 8: 250 products
   Page 9: 250 products
   Page 10: 250 products
   Page 11: 250 products
   Page 12: 250 products
   Page 13: 250 products
   Page 14: 250 products
   Page 15: 250 products
   Page 16: 250 products
   Page 17: 250 products
   Page 18: 250 products
   Page 19: 250 products
   Page 20: 250 products
   Page 21: 250 products
   Page 22: 250 products
   Page 23: 250 products
   Page 24: 250 products
   Page 25: 250 products
   Page 26: 250 products
   Page 27: 250 products
   Page 28: 250 products
   Page 29: 250 products
   Page 30: 250 products
   Page 31: 250 products
   Page 32: 250 products
   Page 33: 250 products
   Page 34: 250 products
   Page 35: 250 products
   Page 36: 250 products
   Page 37: 250 products
   Page 38: 250 products
   Page 39: 250 products
   Page 40: 250 products
   Page 41: 250 products
   Page 42: 250 products
   Page 43: 250 products
   Page 44: 250 products
   Page 45: 250 products
   Page 46: 250 products
   Page 47: 250 products
   Page 48: 250 products
   Page 49: 250 products
   Page 50: 250 products
✅ Total products fetched: 12500


🔍 Searching for SKU: 537244404 (Scale: 1:43)
   ⚠️  Not found at Metro Hobbies

🔍 Searching for SKU: 537241904 (Scale: 1:18)
   ⚠️  Not found at Metro Hobbies

🔍 Searching for SKU: 18S999 (Scale: 1:18)
   ⚠️  Not found at Metro Hobbies

🔍 Searching for SKU: 18S986 (Scale: 1:18)
   ⚠️  Not found at Metro Hobbies

🔍 Searching for SKU: 110241244 (Scale: 1:18)
   ⚠️  Not found at Metro Hobbies

🔍 Searching for SKU: S1814201 (Scale: 1:18)
   ⚠️  Not found at Metro Hobbies

🔍 Searching for SKU: S9523 (Scale: 1:43)
   ⚠️  Not found at Metro Hobbies

🔍 Searching for SKU: BU16815-L-MONACO (Scale: 1:43)
   ⚠️  Not found at Metro Hobbies

🔍 Searching for SKU: S9533 (Scale: 1:43)
   ⚠️  Not found at Metro Hobbies

🔍 Searching for SKU: 410241244 (Scale: 1:43)
   ⚠️  Not found at Metro Hobbies

🔍 Searching for SKU: BBR241816C (Scale: 1:18)
   ⚠️  Not found at Metro Hobbies

🔍 Searching for SKU: LSF1063 (Scale: 1:43)
   ⚠️  Not found at Metro Hobbies

🔍 Searching for SKU: LS18F1063 (Scale: 1:18)
   ⚠️  Not found at Metro Hobbies

🔍 Searching for SKU: 18S666 (Scale: 1:18)
   ⚠️  Not found at Metro Hobbies

🔍 Searching for SKU: 110242201 (Scale: 1:18)
   ⚠️  Not found at Metro Hobbies

🔍 Searching for SKU: S9547 (Scale: 1:43)
   ⚠️  Not found at Metro Hobbies

🔍 Searching for SKU: 410242201 (Scale: 1:43)
   ⚠️  Not found at Metro Hobbies

============================================================
🏪 Retailer: Hobbyco
🔗 Store URL: https://www.hobbyco.com.au
============================================================

📦 Fetching products from https://www.hobbyco.com.au...

   Page 1: 250 products
   Page 2: 250 products
   Page 3: 250 products
   Page 4: 250 products
   Page 5: 250 products
   Page 6: 250 products
   Page 7: 250 products
   Page 8: 250 products
   Page 9: 250 products
   Page 10: 250 products
   Page 11: 250 products
   Page 12: 250 products
   Page 13: 250 products
❌ Error fetching page 14: Request failed with status code 429
✅ Total products fetched: 3250


🔍 Searching for SKU: 537244404 (Scale: 1:43)
   ⚠️  Not found at Hobbyco

🔍 Searching for SKU: 537241904 (Scale: 1:18)
   ⚠️  Not found at Hobbyco

🔍 Searching for SKU: 18S999 (Scale: 1:18)
   ⚠️  Not found at Hobbyco

🔍 Searching for SKU: 18S986 (Scale: 1:18)
   ⚠️  Not found at Hobbyco

🔍 Searching for SKU: 110241244 (Scale: 1:18)
   ⚠️  Not found at Hobbyco

🔍 Searching for SKU: S1814201 (Scale: 1:18)
   ⚠️  Not found at Hobbyco

🔍 Searching for SKU: S9523 (Scale: 1:43)
   ⚠️  Not found at Hobbyco

🔍 Searching for SKU: BU16815-L-MONACO (Scale: 1:43)
   ⚠️  Not found at Hobbyco

🔍 Searching for SKU: S9533 (Scale: 1:43)
   ⚠️  Not found at Hobbyco

🔍 Searching for SKU: 410241244 (Scale: 1:43)
   ⚠️  Not found at Hobbyco

🔍 Searching for SKU: BBR241816C (Scale: 1:18)
   ⚠️  Not found at Hobbyco

🔍 Searching for SKU: LSF1063 (Scale: 1:43)
   ⚠️  Not found at Hobbyco

🔍 Searching for SKU: LS18F1063 (Scale: 1:18)
   ⚠️  Not found at Hobbyco

🔍 Searching for SKU: 18S666 (Scale: 1:18)
   ⚠️  Not found at Hobbyco

🔍 Searching for SKU: 110242201 (Scale: 1:18)
   ⚠️  Not found at Hobbyco

🔍 Searching for SKU: S9547 (Scale: 1:43)
   ⚠️  Not found at Hobbyco

🔍 Searching for SKU: 410242201 (Scale: 1:43)
   ⚠️  Not found at Hobbyco

============================================================
🏪 Retailer: Sherriffs Mini Cars
🔗 Store URL: https://sherriffsminicars.com.au
============================================================

📦 Fetching products from https://sherriffsminicars.com.au...

❌ Error fetching page 1: getaddrinfo ENOTFOUND sherriffsminicars.com.au
✅ Total products fetched: 0

⚠️  No products found for Sherriffs Mini Cars, skipping...


============================================================
🏪 Retailer: Australian Diecast Show
🔗 Store URL: https://australiandiecastshow.com.au
============================================================

📦 Fetching products from https://australiandiecastshow.com.au...

❌ Error fetching page 1: Request failed with status code 429
✅ Total products fetched: 0

⚠️  No products found for Australian Diecast Show, skipping...


============================================================
🏪 Retailer: Speedgear
🔗 Store URL: https://speedgear.com
============================================================

📦 Fetching products from https://speedgear.com...

❌ Error fetching page 1: Request failed with status code 429
✅ Total products fetched: 0

⚠️  No products found for Speedgear, skipping...


============================================================
🏪 Retailer: Kai's Kollectibles
🔗 Store URL: https://kaiskollectibles.com
============================================================

📦 Fetching products from https://kaiskollectibles.com...

❌ Error fetching page 1: Request failed with status code 429
✅ Total products fetched: 0

⚠️  No products found for Kai's Kollectibles, skipping...


============================================================
🏪 Retailer: Car Model Store
🔗 Store URL: https://www.carmodelstore.co.uk
============================================================

📦 Fetching products from https://www.carmodelstore.co.uk...

❌ Error fetching page 1: Request failed with status code 429
✅ Total products fetched: 0

⚠️  No products found for Car Model Store, skipping...


============================================================
🏪 Retailer: DrivenBy
🔗 Store URL: https://drivenby.co
============================================================

📦 Fetching products from https://drivenby.co...

❌ Error fetching page 1: Request failed with status code 429
✅ Total products fetched: 0

⚠️  No products found for DrivenBy, skipping...


============================================================
🏪 Retailer: RM Toys
🔗 Store URL: https://www.rmtoys.co.uk
============================================================

📦 Fetching products from https://www.rmtoys.co.uk...

❌ Error fetching page 1: Request failed with status code 429
✅ Total products fetched: 0

⚠️  No products found for RM Toys, skipping...


============================================================
🏪 Retailer: Motorsport Model Shop
🔗 Store URL: https://motorsportmodelshop.co.uk
============================================================

📦 Fetching products from https://motorsportmodelshop.co.uk...

❌ Error fetching page 1: Request failed with status code 429
✅ Total products fetched: 0

⚠️  No products found for Motorsport Model Shop, skipping...


============================================================
🏪 Retailer: Diecast Model Centre
🔗 Store URL: https://diecastmodelcentre.co.uk
============================================================

📦 Fetching products from https://diecastmodelcentre.co.uk...

❌ Error fetching page 1: Request failed with status code 429
✅ Total products fetched: 0

⚠️  No products found for Diecast Model Centre, skipping...


============================================================
🏪 Retailer: Mini Model Shop
🔗 Store URL: https://minimodelshop.com
============================================================

📦 Fetching products from https://minimodelshop.com...

❌ Error fetching page 1: Request failed with status code 429
✅ Total products fetched: 0

⚠️  No products found for Mini Model Shop, skipping...


============================================================
🏪 Retailer: Modelmatic
🔗 Store URL: https://modelmatic.uk
============================================================

📦 Fetching products from https://modelmatic.uk...

❌ Error fetching page 1: Request failed with status code 429
✅ Total products fetched: 0

⚠️  No products found for Modelmatic, skipping...


============================================================
🏪 Retailer: AGR Models
🔗 Store URL: https://agrmodels.uk
============================================================

📦 Fetching products from https://agrmodels.uk...

❌ Error fetching page 1: Request failed with status code 429
✅ Total products fetched: 0

⚠️  No products found for AGR Models, skipping...


============================================================
🏪 Retailer: Diecasthunter
🔗 Store URL: https://diecasthunter.de
============================================================

📦 Fetching products from https://diecasthunter.de...

❌ Error fetching page 1: Request failed with status code 429
✅ Total products fetched: 0

⚠️  No products found for Diecasthunter, skipping...


============================================================
🏪 Retailer: Auto Zach GameZone
🔗 Store URL: https://autozach-gamezone.at
============================================================

📦 Fetching products from https://autozach-gamezone.at...

❌ Error fetching page 1: Request failed with status code 429
✅ Total products fetched: 0

⚠️  No products found for Auto Zach GameZone, skipping...


============================================================
🏪 Retailer: Yuui F1 Models
🔗 Store URL: https://yuui.nl
============================================================

📦 Fetching products from https://yuui.nl...

❌ Error fetching page 1: Request failed with status code 429
✅ Total products fetched: 0

⚠️  No products found for Yuui F1 Models, skipping...


============================================================
✨ Scraping Complete!
============================================================
